Flutter crash report; please file at https://github.com/flutter/flutter/issues.

## command

flutter doctor

## exception

FileSystemException: FileSystemException: Cannot open file, path = '/opt/flutter/bin/cache/flutter_version_check.stamp' (OS Error: Permission denied, errno = 13)

```
#0      _File.throwIfError (dart:io/file_impl.dart:645:7)
#1      _File.openSync (dart:io/file_impl.dart:489:5)
#2      _File.writeAsBytesSync (dart:io/file_impl.dart:614:31)
#3      _File.writeAsStringSync (dart:io/file_impl.dart:638:5)
#4      ForwardingFile.writeAsStringSync (package:file/src/forwarding/forwarding_file.dart:154:16)
#5      ErrorHandlingFile.writeAsStringSync.<anonymous closure> (package:flutter_tools/src/base/error_handling_file_system.dart:186:22)
#6      _runSync (package:flutter_tools/src/base/error_handling_file_system.dart:351:14)
#7      ErrorHandlingFile.writeAsStringSync (package:flutter_tools/src/base/error_handling_file_system.dart:185:5)
#8      Cache.setStampFor (package:flutter_tools/src/cache.dart:371:35)
#9      VersionCheckStamp.store (package:flutter_tools/src/version.dart:594:19)
#10     FlutterVersion._getLatestAvailableFlutterDate (package:flutter_tools/src/version.dart:513:31)
<asynchronous suspension>
#11     FlutterVersion.checkFlutterVersionFreshness (package:flutter_tools/src/version.dart:406:52)
#12     FlutterCommandRunner.runCommand.<anonymous closure> (package:flutter_tools/src/runner/flutter_command_runner.dart:313:40)
<asynchronous suspension>
#13     FlutterCommandRunner.runCommand.<anonymous closure> (package:flutter_tools/src/runner/flutter_command_runner.dart)
#14     AppContext.run.<anonymous closure> (package:flutter_tools/src/base/context.dart:150:29)
#15     _rootRun (dart:async/zone.dart:1184:13)
#16     _CustomZone.run (dart:async/zone.dart:1077:19)
#17     _runZoned (dart:async/zone.dart:1619:10)
#18     runZoned (dart:async/zone.dart:1539:10)
#19     AppContext.run (package:flutter_tools/src/base/context.dart:149:18)
#20     FlutterCommandRunner.runCommand (package:flutter_tools/src/runner/flutter_command_runner.dart:288:19)
#21     CommandRunner.run.<anonymous closure> (package:args/command_runner.dart:112:25)
#22     new Future.sync (dart:async/future.dart:224:31)
#23     CommandRunner.run (package:args/command_runner.dart:112:14)
#24     FlutterCommandRunner.run (package:flutter_tools/src/runner/flutter_command_runner.dart:231:18)
#25     run.<anonymous closure>.<anonymous closure> (package:flutter_tools/runner.dart:63:22)
#26     _rootRun (dart:async/zone.dart:1184:13)
#27     _CustomZone.run (dart:async/zone.dart:1077:19)
#28     _runZoned (dart:async/zone.dart:1619:10)
#29     runZonedGuarded (dart:async/zone.dart:1608:12)
#30     runZoned (dart:async/zone.dart:1536:12)
#31     run.<anonymous closure> (package:flutter_tools/runner.dart:61:18)
<asynchronous suspension>
#32     run.<anonymous closure> (package:flutter_tools/runner.dart)
#33     runInContext.runnerWrapper (package:flutter_tools/src/context_runner.dart:64:18)
<asynchronous suspension>
#34     runInContext.runnerWrapper (package:flutter_tools/src/context_runner.dart)
#35     AppContext.run.<anonymous closure> (package:flutter_tools/src/base/context.dart:150:29)
#36     _rootRun (dart:async/zone.dart:1184:13)
#37     _CustomZone.run (dart:async/zone.dart:1077:19)
#38     _runZoned (dart:async/zone.dart:1619:10)
#39     runZoned (dart:async/zone.dart:1539:10)
#40     AppContext.run (package:flutter_tools/src/base/context.dart:149:18)
#41     runInContext (package:flutter_tools/src/context_runner.dart:67:24)
#42     run (package:flutter_tools/runner.dart:48:10)
#43     main (package:flutter_tools/executable.dart:69:9)
#44     main (file:///b/s/w/ir/k/archive/flutter/packages/flutter_tools/bin/flutter_tools.dart:8:3)
#45     _startIsolate.<anonymous closure> (dart:isolate-patch/isolate_patch.dart:299:32)
#46     _RawReceivePortImpl._handleMessage (dart:isolate-patch/isolate_patch.dart:168:12)
```

## flutter doctor

```
[✓] Flutter (Channel dev, v1.18.0, on Linux, locale en_IN.UTF-8)
    • Flutter version 1.18.0 at /opt/flutter
    • Framework revision fef9d4d7cd (2 weeks ago), 2020-04-04 19:51:01 -0700
    • Engine revision 4cfbe45033
    • Dart version 2.8.0 (build 2.8.0-dev.20.0 e736495eb7)

[✗] Android toolchain - develop for Android devices
    ✗ Unable to locate Android SDK.
      Install Android Studio from: https://developer.android.com/studio/index.html
      On first launch it will assist you in installing the Android SDK components.
      (or visit https://flutter.dev/docs/get-started/install/linux#android-setup for detailed instructions).
      If the Android SDK has been installed to a custom location, set ANDROID_SDK_ROOT to that location.
      You may also want to add it to your PATH environment variable.


[✓] Android Studio (version 3.6)
    • Android Studio at /opt/android-studio
    • Flutter plugin version 45.0.1
    • Dart plugin version 192.7761
    • Java version OpenJDK Runtime Environment (build 1.8.0_212-release-1586-b4-5784211)

[✓] Connected device (1 available)
    • SM G973F • RZ8M30WWJGF • android-arm64 • Android 10 (API 29)

! Doctor found issues in 1 category.
```
